app/build/intermediates/manifest_merge_blame_file/release/processReleaseMainManifest/manifest-merger-blame-release-report.txt
1<?xml version="1.0" encoding="utf-8"?>
2<manifest xmlns:android="http://schemas.android.com/apk/res/android"
3    package="com.example.rewire"
4    android:versionCode="1"
5    android:versionName="1.0" >
6
7    <uses-sdk
8        android:minSdkVersion="24"
9        android:targetSdkVersion="36" />
10
11    <permission
11-->[androidx.core:core:1.13.1] AndroidManifest.xml:22:5-24:47
12        android:name="com.example.rewire.DYNAMIC_RECEIVER_NOT_EXPORTED_PERMISSION"
12-->[androidx.core:core:1.13.1] AndroidManifest.xml:23:9-81
13        android:protectionLevel="signature" />
13-->[androidx.core:core:1.13.1] AndroidManifest.xml:24:9-44
14
15    <uses-permission android:name="com.example.rewire.DYNAMIC_RECEIVER_NOT_EXPORTED_PERMISSION" />
15-->[androidx.core:core:1.13.1] AndroidManifest.xml:26:5-97
15-->[androidx.core:core:1.13.1] AndroidManifest.xml:26:22-94
16
17    <application
17-->src\main\AndroidManifest.xml:5:5-13:47
18        android:allowBackup="true"
18-->src\main\AndroidManifest.xml:6:9-35
19        android:appComponentFactory="androidx.core.app.CoreComponentFactory"
19-->[androidx.core:core:1.13.1] AndroidManifest.xml:28:18-86
20        android:dataExtractionRules="@xml/data_extraction_rules"
20-->src\main\AndroidManifest.xml:7:9-65
21        android:extractNativeLibs="false"
22        android:fullBackupContent="@xml/backup_rules"
22-->src\main\AndroidManifest.xml:8:9-54
23        android:icon="@mipmap/ic_launcher"
23-->src\main\AndroidManifest.xml:9:9-43
24        android:label="@string/app_name"
24-->src\main\AndroidManifest.xml:10:9-41
25        android:roundIcon="@mipmap/ic_launcher_round"
25-->src\main\AndroidManifest.xml:11:9-54
26        android:supportsRtl="true"
26-->src\main\AndroidManifest.xml:12:9-35
27        android:theme="@style/Theme.Rewire" >
27-->src\main\AndroidManifest.xml:13:9-44
28        <service
28-->[androidx.room:room-runtime:2.6.1] AndroidManifest.xml:24:9-28:63
29            android:name="androidx.room.MultiInstanceInvalidationService"
29-->[androidx.room:room-runtime:2.6.1] AndroidManifest.xml:25:13-74
30            android:directBootAware="true"
30-->[androidx.room:room-runtime:2.6.1] AndroidManifest.xml:26:13-43
31            android:exported="false" />
31-->[androidx.room:room-runtime:2.6.1] AndroidManifest.xml:27:13-37
32
33        <provider
33-->[androidx.emoji2:emoji2:1.3.0] AndroidManifest.xml:24:9-32:20
34            android:name="androidx.startup.InitializationProvider"
34-->[androidx.emoji2:emoji2:1.3.0] AndroidManifest.xml:25:13-67
35            android:authorities="com.example.rewire.androidx-startup"
35-->[androidx.emoji2:emoji2:1.3.0] AndroidManifest.xml:26:13-68
36            android:exported="false" >
36-->[androidx.emoji2:emoji2:1.3.0] AndroidManifest.xml:27:13-37
37            <meta-data
37-->[androidx.emoji2:emoji2:1.3.0] AndroidManifest.xml:29:13-31:52
38                android:name="androidx.emoji2.text.EmojiCompatInitializer"
38-->[androidx.emoji2:emoji2:1.3.0] AndroidManifest.xml:30:17-75
39                android:value="androidx.startup" />
39-->[androidx.emoji2:emoji2:1.3.0] AndroidManifest.xml:31:17-49
40            <meta-data
40-->[androidx.lifecycle:lifecycle-process:2.8.3] AndroidManifest.xml:29:13-31:52
41                android:name="androidx.lifecycle.ProcessLifecycleInitializer"
41-->[androidx.lifecycle:lifecycle-process:2.8.3] AndroidManifest.xml:30:17-78
42                android:value="androidx.startup" />
42-->[androidx.lifecycle:lifecycle-process:2.8.3] AndroidManifest.xml:31:17-49
43            <meta-data
43-->[androidx.profileinstaller:profileinstaller:1.3.1] AndroidManifest.xml:29:13-31:52
44                android:name="androidx.profileinstaller.ProfileInstallerInitializer"
44-->[androidx.profileinstaller:profileinstaller:1.3.1] AndroidManifest.xml:30:17-85
45                android:value="androidx.startup" />
45-->[androidx.profileinstaller:profileinstaller:1.3.1] AndroidManifest.xml:31:17-49
46        </provider>
47
48        <receiver
48-->[androidx.profileinstaller:profileinstaller:1.3.1] AndroidManifest.xml:34:9-52:20
49            android:name="androidx.profileinstaller.ProfileInstallReceiver"
49-->[androidx.profileinstaller:profileinstaller:1.3.1] AndroidManifest.xml:35:13-76
50            android:directBootAware="false"
50-->[androidx.profileinstaller:profileinstaller:1.3.1] AndroidManifest.xml:36:13-44
51            android:enabled="true"
51-->[androidx.profileinstaller:profileinstaller:1.3.1] AndroidManifest.xml:37:13-35
52            android:exported="true"
52-->[androidx.profileinstaller:profileinstaller:1.3.1] AndroidManifest.xml:38:13-36
53            android:permission="android.permission.DUMP" >
53-->[androidx.profileinstaller:profileinstaller:1.3.1] AndroidManifest.xml:39:13-57
54            <intent-filter>
54-->[androidx.profileinstaller:profileinstaller:1.3.1] AndroidManifest.xml:40:13-42:29
55                <action android:name="androidx.profileinstaller.action.INSTALL_PROFILE" />
55-->[androidx.profileinstaller:profileinstaller:1.3.1] AndroidManifest.xml:41:17-91
55-->[androidx.profileinstaller:profileinstaller:1.3.1] AndroidManifest.xml:41:25-88
56            </intent-filter>
57            <intent-filter>
57-->[androidx.profileinstaller:profileinstaller:1.3.1] AndroidManifest.xml:43:13-45:29
58                <action android:name="androidx.profileinstaller.action.SKIP_FILE" />
58-->[androidx.profileinstaller:profileinstaller:1.3.1] AndroidManifest.xml:44:17-85
58-->[androidx.profileinstaller:profileinstaller:1.3.1] AndroidManifest.xml:44:25-82
59            </intent-filter>
60            <intent-filter>
60-->[androidx.profileinstaller:profileinstaller:1.3.1] AndroidManifest.xml:46:13-48:29
61                <action android:name="androidx.profileinstaller.action.SAVE_PROFILE" />
61-->[androidx.profileinstaller:profileinstaller:1.3.1] AndroidManifest.xml:47:17-88
61-->[androidx.profileinstaller:profileinstaller:1.3.1] AndroidManifest.xml:47:25-85
62            </intent-filter>
63            <intent-filter>
63-->[androidx.profileinstaller:profileinstaller:1.3.1] AndroidManifest.xml:49:13-51:29
64                <action android:name="androidx.profileinstaller.action.BENCHMARK_OPERATION" />
64-->[androidx.profileinstaller:profileinstaller:1.3.1] AndroidManifest.xml:50:17-95
64-->[androidx.profileinstaller:profileinstaller:1.3.1] AndroidManifest.xml:50:25-92
65            </intent-filter>
66        </receiver>
67    </application>
68
69</manifest>